<?xml version="1.0" encoding="UTF-8"?>
<testsuite name="ejercicio.estacionamiento.estacionamientoTest" tests="1" skipped="0" failures="0" errors="0" timestamp="2019-08-12T20:05:50" hostname="AR0FVFYM1EHHV2J" time="0.002">
  <properties/>
  <testcase name="ingresaUtilitarioYSeCargaPermitida" classname="ejercicio.estacionamiento.estacionamientoTest" time="0.002"/>
  <system-out><![CDATA[]]></system-out>
  <system-err><![CDATA[]]></system-err>
</testsuite>
