<?xml version="1.0" encoding="UTF-8"?>
<testsuite name="envio.postales.EnvioPostalTest" tests="3" skipped="0" failures="0" errors="0" timestamp="2019-08-12T20:05:50" hostname="AR0FVFYM1EHHV2J" time="0.383">
  <properties/>
  <testcase name="asignadorVehiculoPesoPermitidoEnAlMenosAlgunVehiculo" classname="envio.postales.EnvioPostalTest" time="0.033"/>
  <testcase name="asignadorVehiculoPesoNoPermitido" classname="envio.postales.EnvioPostalTest" time="0.0"/>
  <testcase name="generarUnEnvioCorrectamente" classname="envio.postales.EnvioPostalTest" time="0.35"/>
  <system-out><![CDATA[]]></system-out>
  <system-err><![CDATA[]]></system-err>
</testsuite>
