<?xml version="1.0" encoding="UTF-8"?>
<testsuite name="ejercicio.motores.EngineTest" tests="5" skipped="0" failures="0" errors="0" timestamp="2019-08-12T20:05:50" hostname="AR0FVFYM1EHHV2J" time="0.001">
  <properties/>
  <testcase name="temperaturaDeMotorCombustibleFueBajada" classname="ejercicio.motores.EngineTest" time="0.0"/>
  <testcase name="temperaturaDeMotorCombustibleFueSubida" classname="ejercicio.motores.EngineTest" time="0.0"/>
  <testcase name="potenciaDeMotorCombustibleFueBajada" classname="ejercicio.motores.EngineTest" time="0.0"/>
  <testcase name="potenciaDeMotorCombustibleFueSubida" classname="ejercicio.motores.EngineTest" time="0.001"/>
  <testcase name="potenciaDeMotorNuclearFueSubida" classname="ejercicio.motores.EngineTest" time="0.0"/>
  <system-out><![CDATA[]]></system-out>
  <system-err><![CDATA[]]></system-err>
</testsuite>
